2017-06-06 22:27:39  /entrypoint.sh: static: does not generate config
HEALTH_WARN too few PGs per OSD (16 < min 30)
2017-06-06 22:27:40  /entrypoint.sh: static: does not generate the admin key, so we can not get it.
2017-06-06 22:27:40  /entrypoint.sh: static: make it available with the help of your configuration management system.
2017-06-06 22:27:40  /entrypoint.sh: static: ceph-ansible is a good candidate to deploy a containerized version of Ceph.
2017-06-06 22:27:40  /entrypoint.sh: static: ceph-ansible will help you fetching the keys and push them on the right nodes.
2017-06-06 22:27:40  /entrypoint.sh: static: if you're interested, please visit: https://github.com/ceph/ceph-ansible
pool 'cephfs_data' created
pool 'cephfs_metadata' created
new fs with metadata pool 2 and data pool 1
2017-06-06 22:27:44  /entrypoint.sh: SUCCESS
2017-06-06 22:27:44.626360 7f4db2427300  0 set uid:gid to 64045:64045 (ceph:ceph)
2017-06-06 22:27:44.626400 7f4db2427300  0 ceph version 9.0.0-18993-gf916801 (f91680128ef51a85d28019c9afd29109bd178b1c), process ceph-mds, pid 218
starting mds.issdm-12 at -
2017-06-06 22:27:44.628332 7f4db2427300  0 pidfile_write: ignore empty --pid-file
2017-06-06 22:27:49.745359 7f4daae24700  0 mds.0.cache creating system inode with ino:1
2017-06-06 22:27:49.745671 7f4daae24700  0 mds.0.cache creating system inode with ino:100
2017-06-06 22:27:49.745692 7f4daae24700  0 mds.0.cache creating system inode with ino:600
2017-06-06 22:27:49.745893 7f4daae24700  0 mds.0.cache creating system inode with ino:601
2017-06-06 22:27:49.746218 7f4daae24700  0 mds.0.cache creating system inode with ino:602
2017-06-06 22:27:49.746387 7f4daae24700  0 mds.0.cache creating system inode with ino:603
2017-06-06 22:27:49.746607 7f4daae24700  0 mds.0.cache creating system inode with ino:604
2017-06-06 22:27:49.746929 7f4daae24700  0 mds.0.cache creating system inode with ino:605
2017-06-06 22:27:49.747050 7f4daae24700  0 mds.0.cache creating system inode with ino:606
2017-06-06 22:27:49.747165 7f4daae24700  0 mds.0.cache creating system inode with ino:607
2017-06-06 22:27:49.747284 7f4daae24700  0 mds.0.cache creating system inode with ino:608
2017-06-06 22:27:49.747417 7f4daae24700  0 mds.0.cache creating system inode with ino:609
