2017-06-06 23:26:34  /entrypoint.sh: static: does not generate config
HEALTH_WARN too few PGs per OSD (16 < min 30)
2017-06-06 23:26:35  /entrypoint.sh: static: does not generate the admin key, so we can not get it.
2017-06-06 23:26:35  /entrypoint.sh: static: make it available with the help of your configuration management system.
2017-06-06 23:26:35  /entrypoint.sh: static: ceph-ansible is a good candidate to deploy a containerized version of Ceph.
2017-06-06 23:26:35  /entrypoint.sh: static: ceph-ansible will help you fetching the keys and push them on the right nodes.
2017-06-06 23:26:35  /entrypoint.sh: static: if you're interested, please visit: https://github.com/ceph/ceph-ansible
pool 'cephfs_data' created
pool 'cephfs_metadata' created
new fs with metadata pool 2 and data pool 1
2017-06-06 23:26:39  /entrypoint.sh: SUCCESS
2017-06-06 23:26:39.578496 7fe4d6745300  0 set uid:gid to 64045:64045 (ceph:ceph)
2017-06-06 23:26:39.578540 7fe4d6745300  0 ceph version 9.0.0-18993-gf916801 (f91680128ef51a85d28019c9afd29109bd178b1c), process ceph-mds, pid 219
starting mds.issdm-12 at -
2017-06-06 23:26:39.580850 7fe4d6745300  0 pidfile_write: ignore empty --pid-file
2017-06-06 23:26:44.234652 7fe4cf142700  0 mds.0.cache creating system inode with ino:1
2017-06-06 23:26:44.234947 7fe4cf142700  0 mds.0.cache creating system inode with ino:100
2017-06-06 23:26:44.234970 7fe4cf142700  0 mds.0.cache creating system inode with ino:600
2017-06-06 23:26:44.235153 7fe4cf142700  0 mds.0.cache creating system inode with ino:601
2017-06-06 23:26:44.235255 7fe4cf142700  0 mds.0.cache creating system inode with ino:602
2017-06-06 23:26:44.235568 7fe4cf142700  0 mds.0.cache creating system inode with ino:603
2017-06-06 23:26:44.235669 7fe4cf142700  0 mds.0.cache creating system inode with ino:604
2017-06-06 23:26:44.235782 7fe4cf142700  0 mds.0.cache creating system inode with ino:605
2017-06-06 23:26:44.235897 7fe4cf142700  0 mds.0.cache creating system inode with ino:606
2017-06-06 23:26:44.235991 7fe4cf142700  0 mds.0.cache creating system inode with ino:607
2017-06-06 23:26:44.236085 7fe4cf142700  0 mds.0.cache creating system inode with ino:608
2017-06-06 23:26:44.236221 7fe4cf142700  0 mds.0.cache creating system inode with ino:609
2017-06-06 23:28:48.471428 7fe4d18c4700  0 -- 192.168.140.189:6800/570776052 >> 192.168.140.230:6800/1629958344 conn(0x7fe4e0069800 :6800 s=STATE_ACCEPTING_WAIT_CONNECT_MSG_AUTH pgs=0 cs=0 l=0).handle_connect_msg accept connect_seq 0 vs existing csq=0 existing_state=STATE_CONNECTING
2017-06-06 23:28:49.608291 7fe4cf142700  0 mds.0.bal   mds.0 mdsload<[0,0 0]/[0,0 0], req 5, hr 0, qlen 0, cpu 0.1> = 0.1 ~ 0
2017-06-06 23:28:49.624181 7fe4cf142700  0 mds.0.bal   mds.1 mdsload<[0,0 0]/[0,0 0], req 0, hr 0, qlen 0, cpu 0.22> = 0.22 ~ 0
2017-06-06 23:28:49.624221 7fe4cf142700  0 mds.0.bal   mds.2 mdsload<[0,0 0]/[0,0 0], req 0, hr 0, qlen 0, cpu 0.03> = 0.03 ~ 0
