2017-06-06 23:27:11  /entrypoint.sh: static: does not generate config
HEALTH_WARN too few PGs per OSD (20 < min 30)
2017-06-06 23:27:11  /entrypoint.sh: static: does not generate the admin key, so we can not get it.
2017-06-06 23:27:11  /entrypoint.sh: static: make it available with the help of your configuration management system.
2017-06-06 23:27:11  /entrypoint.sh: static: ceph-ansible is a good candidate to deploy a containerized version of Ceph.
2017-06-06 23:27:11  /entrypoint.sh: static: ceph-ansible will help you fetching the keys and push them on the right nodes.
2017-06-06 23:27:11  /entrypoint.sh: static: if you're interested, please visit: https://github.com/ceph/ceph-ansible
2017-06-06 23:27:12  /entrypoint.sh: SUCCESS
2017-06-06 23:27:12.334263 7ff23a022300  0 set uid:gid to 64045:64045 (ceph:ceph)
2017-06-06 23:27:12.334303 7ff23a022300  0 ceph version 9.0.0-18993-gf916801 (f91680128ef51a85d28019c9afd29109bd178b1c), process ceph-mds, pid 109
starting mds.issdm-15 at -
2017-06-06 23:27:12.336383 7ff23a022300  0 pidfile_write: ignore empty --pid-file
2017-06-06 23:28:43.677474 7ff232a1f700  0 mds.2.cache creating system inode with ino:102
2017-06-06 23:28:43.677603 7ff232a1f700  0 mds.2.cache creating system inode with ino:614
2017-06-06 23:28:43.677837 7ff232a1f700  0 mds.2.cache creating system inode with ino:615
2017-06-06 23:28:43.678088 7ff232a1f700  0 mds.2.cache creating system inode with ino:616
2017-06-06 23:28:43.678226 7ff232a1f700  0 mds.2.cache creating system inode with ino:617
2017-06-06 23:28:43.678319 7ff232a1f700  0 mds.2.cache creating system inode with ino:618
2017-06-06 23:28:43.678451 7ff232a1f700  0 mds.2.cache creating system inode with ino:619
2017-06-06 23:28:43.678556 7ff232a1f700  0 mds.2.cache creating system inode with ino:61a
2017-06-06 23:28:43.678650 7ff232a1f700  0 mds.2.cache creating system inode with ino:61b
2017-06-06 23:28:43.678740 7ff232a1f700  0 mds.2.cache creating system inode with ino:61c
2017-06-06 23:28:43.678846 7ff232a1f700  0 mds.2.cache creating system inode with ino:61d
2017-06-06 23:28:49.593274 7ff2349a0700  0 -- 192.168.140.243:6800/907916247 >> 192.168.140.230:6800/1629958344 conn(0x7ff242ef0000 :6800 s=STATE_ACCEPTING_WAIT_CONNECT_MSG_AUTH pgs=0 cs=0 l=0).handle_connect_msg accept connect_seq 0 vs existing csq=0 existing_state=STATE_CONNECTING_WAIT_CONNECT_REPLY
2017-06-06 23:43:49.594492 7ff2349a0700  0 -- 192.168.140.243:6800/907916247 >> 192.168.140.230:6800/1629958344 conn(0x7ff242ee3000 :-1 s=STATE_OPEN pgs=9 cs=1 l=0).fault with nothing to send, going to standby
