2017-04-13 12:11:41  /entrypoint.sh: static: does not generate config
HEALTH_WARN too few PGs per OSD (8 < min 30)
2017-04-13 12:11:42  /entrypoint.sh: static: does not generate admin key
pool 'cephfs_data' created
pool 'cephfs_metadata' created
new fs with metadata pool 2 and data pool 1
2017-04-13 12:11:46  /entrypoint.sh: SUCCESS
2017-04-13 12:11:46.345824 7ff22bad2300  0 set uid:gid to 64045:64045 (ceph:ceph)
2017-04-13 12:11:46.345867 7ff22bad2300  0 ceph version 9.0.0-18997-g8adf01b (8adf01b98af39502aa7fe3d10c4b19935508eaa7), process ceph-mds, pid 197
starting mds.issdm-12 at -
2017-04-13 12:11:46.347846 7ff22bad2300  0 pidfile_write: ignore empty --pid-file
2017-04-13 12:11:51.102734 7ff2244d5700  0 mds.0.cache creating system inode with ino:1
2017-04-13 12:11:51.103028 7ff2244d5700  0 mds.0.cache creating system inode with ino:100
2017-04-13 12:11:51.103051 7ff2244d5700  0 mds.0.cache creating system inode with ino:600
2017-04-13 12:11:51.103297 7ff2244d5700  0 mds.0.cache creating system inode with ino:601
2017-04-13 12:11:51.103512 7ff2244d5700  0 mds.0.cache creating system inode with ino:602
2017-04-13 12:11:51.103880 7ff2244d5700  0 mds.0.cache creating system inode with ino:603
2017-04-13 12:11:51.103985 7ff2244d5700  0 mds.0.cache creating system inode with ino:604
2017-04-13 12:11:51.104113 7ff2244d5700  0 mds.0.cache creating system inode with ino:605
2017-04-13 12:11:51.104209 7ff2244d5700  0 mds.0.cache creating system inode with ino:606
2017-04-13 12:11:51.104301 7ff2244d5700  0 mds.0.cache creating system inode with ino:607
2017-04-13 12:11:51.104400 7ff2244d5700  0 mds.0.cache creating system inode with ino:608
2017-04-13 12:11:51.104528 7ff2244d5700  0 mds.0.cache creating system inode with ino:609
