2017-06-07 04:25:52  /entrypoint.sh: static: does not generate config
HEALTH_WARN too few PGs per OSD (20 < min 30)
2017-06-07 04:25:53  /entrypoint.sh: static: does not generate the admin key, so we can not get it.
2017-06-07 04:25:53  /entrypoint.sh: static: make it available with the help of your configuration management system.
2017-06-07 04:25:53  /entrypoint.sh: static: ceph-ansible is a good candidate to deploy a containerized version of Ceph.
2017-06-07 04:25:53  /entrypoint.sh: static: ceph-ansible will help you fetching the keys and push them on the right nodes.
2017-06-07 04:25:53  /entrypoint.sh: static: if you're interested, please visit: https://github.com/ceph/ceph-ansible
2017-06-07 04:25:53  /entrypoint.sh: SUCCESS
2017-06-07 04:25:53.614364 7f63ebf97300  0 set uid:gid to 64045:64045 (ceph:ceph)
2017-06-07 04:25:53.614405 7f63ebf97300  0 ceph version 9.0.0-18993-gf916801 (f91680128ef51a85d28019c9afd29109bd178b1c), process ceph-mds, pid 108
starting mds.issdm-15 at -
2017-06-07 04:25:53.616532 7f63ebf97300  0 pidfile_write: ignore empty --pid-file
2017-06-07 04:27:10.879645 7f63e4994700  0 mds.2.cache creating system inode with ino:102
2017-06-07 04:27:10.879775 7f63e4994700  0 mds.2.cache creating system inode with ino:614
2017-06-07 04:27:10.880012 7f63e4994700  0 mds.2.cache creating system inode with ino:615
2017-06-07 04:27:10.880271 7f63e4994700  0 mds.2.cache creating system inode with ino:616
2017-06-07 04:27:10.880404 7f63e4994700  0 mds.2.cache creating system inode with ino:617
2017-06-07 04:27:10.880495 7f63e4994700  0 mds.2.cache creating system inode with ino:618
2017-06-07 04:27:10.880603 7f63e4994700  0 mds.2.cache creating system inode with ino:619
2017-06-07 04:27:10.880729 7f63e4994700  0 mds.2.cache creating system inode with ino:61a
2017-06-07 04:27:10.880868 7f63e4994700  0 mds.2.cache creating system inode with ino:61b
2017-06-07 04:27:10.880959 7f63e4994700  0 mds.2.cache creating system inode with ino:61c
2017-06-07 04:27:10.881063 7f63e4994700  0 mds.2.cache creating system inode with ino:61d
