2017-06-07 04:26:32  /entrypoint.sh: static: does not generate config
HEALTH_WARN too few PGs per OSD (20 < min 30)
2017-06-07 04:26:32  /entrypoint.sh: static: does not generate the admin key, so we can not get it.
2017-06-07 04:26:32  /entrypoint.sh: static: make it available with the help of your configuration management system.
2017-06-07 04:26:32  /entrypoint.sh: static: ceph-ansible is a good candidate to deploy a containerized version of Ceph.
2017-06-07 04:26:33  /entrypoint.sh: static: ceph-ansible will help you fetching the keys and push them on the right nodes.
2017-06-07 04:26:33  /entrypoint.sh: static: if you're interested, please visit: https://github.com/ceph/ceph-ansible
2017-06-07 04:26:33  /entrypoint.sh: SUCCESS
2017-06-07 04:26:33.375169 7fc32cff8300  0 set uid:gid to 64045:64045 (ceph:ceph)
2017-06-07 04:26:33.375205 7fc32cff8300  0 ceph version 9.0.0-18993-gf916801 (f91680128ef51a85d28019c9afd29109bd178b1c), process ceph-mds, pid 108
starting mds.issdm-18 at -
2017-06-07 04:26:33.377251 7fc32cff8300  0 pidfile_write: ignore empty --pid-file
2017-06-07 04:27:10.879623 7fc3259f5700  0 mds.1.cache creating system inode with ino:101
2017-06-07 04:27:10.879761 7fc3259f5700  0 mds.1.cache creating system inode with ino:60a
2017-06-07 04:27:10.879999 7fc3259f5700  0 mds.1.cache creating system inode with ino:60b
2017-06-07 04:27:10.880097 7fc3259f5700  0 mds.1.cache creating system inode with ino:60c
2017-06-07 04:27:10.880386 7fc3259f5700  0 mds.1.cache creating system inode with ino:60d
2017-06-07 04:27:10.880502 7fc3259f5700  0 mds.1.cache creating system inode with ino:60e
2017-06-07 04:27:10.880613 7fc3259f5700  0 mds.1.cache creating system inode with ino:60f
2017-06-07 04:27:10.880723 7fc3259f5700  0 mds.1.cache creating system inode with ino:610
2017-06-07 04:27:10.880820 7fc3259f5700  0 mds.1.cache creating system inode with ino:611
2017-06-07 04:27:10.880911 7fc3259f5700  0 mds.1.cache creating system inode with ino:612
2017-06-07 04:27:10.881037 7fc3259f5700  0 mds.1.cache creating system inode with ino:613
