2017-06-07 01:29:58  /entrypoint.sh: static: does not generate config
HEALTH_WARN too few PGs per OSD (20 < min 30)
2017-06-07 01:29:59  /entrypoint.sh: static: does not generate the admin key, so we can not get it.
2017-06-07 01:29:59  /entrypoint.sh: static: make it available with the help of your configuration management system.
2017-06-07 01:29:59  /entrypoint.sh: static: ceph-ansible is a good candidate to deploy a containerized version of Ceph.
2017-06-07 01:29:59  /entrypoint.sh: static: ceph-ansible will help you fetching the keys and push them on the right nodes.
2017-06-07 01:29:59  /entrypoint.sh: static: if you're interested, please visit: https://github.com/ceph/ceph-ansible
2017-06-07 01:29:59  /entrypoint.sh: SUCCESS
2017-06-07 01:29:59.634880 7fe05a8ee300  0 set uid:gid to 64045:64045 (ceph:ceph)
2017-06-07 01:29:59.634923 7fe05a8ee300  0 ceph version 9.0.0-18993-gf916801 (f91680128ef51a85d28019c9afd29109bd178b1c), process ceph-mds, pid 109
starting mds.issdm-15 at -
2017-06-07 01:29:59.636975 7fe05a8ee300  0 pidfile_write: ignore empty --pid-file
2017-06-07 01:31:22.333645 7fe0532eb700  0 mds.2.cache creating system inode with ino:102
2017-06-07 01:31:22.333778 7fe0532eb700  0 mds.2.cache creating system inode with ino:614
2017-06-07 01:31:22.334020 7fe0532eb700  0 mds.2.cache creating system inode with ino:615
2017-06-07 01:31:22.334274 7fe0532eb700  0 mds.2.cache creating system inode with ino:616
2017-06-07 01:31:22.334386 7fe0532eb700  0 mds.2.cache creating system inode with ino:617
2017-06-07 01:31:22.334500 7fe0532eb700  0 mds.2.cache creating system inode with ino:618
2017-06-07 01:31:22.334606 7fe0532eb700  0 mds.2.cache creating system inode with ino:619
2017-06-07 01:31:22.334728 7fe0532eb700  0 mds.2.cache creating system inode with ino:61a
2017-06-07 01:31:22.334822 7fe0532eb700  0 mds.2.cache creating system inode with ino:61b
2017-06-07 01:31:22.334911 7fe0532eb700  0 mds.2.cache creating system inode with ino:61c
2017-06-07 01:31:22.335017 7fe0532eb700  0 mds.2.cache creating system inode with ino:61d
2017-06-07 01:31:23.504867 7fe055a6d700  0 -- 192.168.140.243:6800/3001145920 >> - conn(0x7fe064bb2000 :6800 s=STATE_ACCEPTING_WAIT_BANNER_ADDR pgs=0 cs=0 l=0).fault with nothing to send and in the half  accept state just closed
2017-06-07 01:31:27.143558 7fe05626e700  0 -- 192.168.140.243:6800/3001145920 >> 192.168.140.230:6800/1755367735 conn(0x7fe064bb5000 :6800 s=STATE_ACCEPTING_WAIT_CONNECT_MSG_AUTH pgs=0 cs=0 l=0).handle_connect_msg accept connect_seq 0 vs existing csq=0 existing_state=STATE_CONNECTING_WAIT_CONNECT_REPLY
2017-06-07 01:46:27.141628 7fe05626e700  0 -- 192.168.140.243:6800/3001145920 >> 192.168.140.230:6800/1755367735 conn(0x7fe064ba5000 :-1 s=STATE_OPEN pgs=9 cs=1 l=0).fault with nothing to send, going to standby
