2017-06-06 22:57:01  /entrypoint.sh: static: does not generate config
HEALTH_WARN too few PGs per OSD (20 < min 30)
2017-06-06 22:57:02  /entrypoint.sh: static: does not generate the admin key, so we can not get it.
2017-06-06 22:57:02  /entrypoint.sh: static: make it available with the help of your configuration management system.
2017-06-06 22:57:02  /entrypoint.sh: static: ceph-ansible is a good candidate to deploy a containerized version of Ceph.
2017-06-06 22:57:02  /entrypoint.sh: static: ceph-ansible will help you fetching the keys and push them on the right nodes.
2017-06-06 22:57:02  /entrypoint.sh: static: if you're interested, please visit: https://github.com/ceph/ceph-ansible
2017-06-06 22:57:02  /entrypoint.sh: SUCCESS
2017-06-06 22:57:02.702334 7fac64121300  0 set uid:gid to 64045:64045 (ceph:ceph)
2017-06-06 22:57:02.702374 7fac64121300  0 ceph version 9.0.0-18993-gf916801 (f91680128ef51a85d28019c9afd29109bd178b1c), process ceph-mds, pid 108
starting mds.issdm-18 at -
2017-06-06 22:57:02.704361 7fac64121300  0 pidfile_write: ignore empty --pid-file
2017-06-06 22:57:52.025097 7fac5cb1e700  0 mds.1.cache creating system inode with ino:101
2017-06-06 22:57:52.025225 7fac5cb1e700  0 mds.1.cache creating system inode with ino:60a
2017-06-06 22:57:52.025455 7fac5cb1e700  0 mds.1.cache creating system inode with ino:60b
2017-06-06 22:57:52.025550 7fac5cb1e700  0 mds.1.cache creating system inode with ino:60c
2017-06-06 22:57:52.025837 7fac5cb1e700  0 mds.1.cache creating system inode with ino:60d
2017-06-06 22:57:52.025933 7fac5cb1e700  0 mds.1.cache creating system inode with ino:60e
2017-06-06 22:57:52.026044 7fac5cb1e700  0 mds.1.cache creating system inode with ino:60f
2017-06-06 22:57:52.026152 7fac5cb1e700  0 mds.1.cache creating system inode with ino:610
2017-06-06 22:57:52.026244 7fac5cb1e700  0 mds.1.cache creating system inode with ino:611
2017-06-06 22:57:52.026356 7fac5cb1e700  0 mds.1.cache creating system inode with ino:612
2017-06-06 22:57:52.026462 7fac5cb1e700  0 mds.1.cache creating system inode with ino:613
2017-06-06 22:57:56.907972 7fac5faa1700  0 -- 192.168.140.230:6800/663561363 >> 192.168.140.189:6800/43757516 conn(0x7fac6d22c000 :6800 s=STATE_ACCEPTING_WAIT_CONNECT_MSG_AUTH pgs=0 cs=0 l=0).handle_connect_msg accept connect_seq 0 vs existing csq=0 existing_state=STATE_CONNECTING_WAIT_CONNECT_REPLY
2017-06-06 22:57:56.908449 7fac5faa1700  0 -- 192.168.140.230:6800/663561363 >> 192.168.140.189:6800/43757516 conn(0x7fac6d22c000 :6800 s=STATE_ACCEPTING_WAIT_CONNECT_MSG pgs=0 cs=0 l=0).fault with nothing to send and in the half  accept state just closed
