2017-06-07 02:29:33  /entrypoint.sh: static: does not generate config
HEALTH_WARN too few PGs per OSD (20 < min 30)
2017-06-07 02:29:34  /entrypoint.sh: static: does not generate the admin key, so we can not get it.
2017-06-07 02:29:34  /entrypoint.sh: static: make it available with the help of your configuration management system.
2017-06-07 02:29:34  /entrypoint.sh: static: ceph-ansible is a good candidate to deploy a containerized version of Ceph.
2017-06-07 02:29:34  /entrypoint.sh: static: ceph-ansible will help you fetching the keys and push them on the right nodes.
2017-06-07 02:29:34  /entrypoint.sh: static: if you're interested, please visit: https://github.com/ceph/ceph-ansible
2017-06-07 02:29:34  /entrypoint.sh: SUCCESS
2017-06-07 02:29:34.547969 7fdc56ed2300  0 set uid:gid to 64045:64045 (ceph:ceph)
2017-06-07 02:29:34.548008 7fdc56ed2300  0 ceph version 9.0.0-18993-gf916801 (f91680128ef51a85d28019c9afd29109bd178b1c), process ceph-mds, pid 109
starting mds.issdm-15 at -
2017-06-07 02:29:34.550134 7fdc56ed2300  0 pidfile_write: ignore empty --pid-file
2017-06-07 02:31:07.676320 7fdc4f8cf700  0 mds.2.cache creating system inode with ino:102
2017-06-07 02:31:07.676451 7fdc4f8cf700  0 mds.2.cache creating system inode with ino:614
2017-06-07 02:31:07.676689 7fdc4f8cf700  0 mds.2.cache creating system inode with ino:615
2017-06-07 02:31:07.676992 7fdc4f8cf700  0 mds.2.cache creating system inode with ino:616
2017-06-07 02:31:07.677110 7fdc4f8cf700  0 mds.2.cache creating system inode with ino:617
2017-06-07 02:31:07.677203 7fdc4f8cf700  0 mds.2.cache creating system inode with ino:618
2017-06-07 02:31:07.677332 7fdc4f8cf700  0 mds.2.cache creating system inode with ino:619
2017-06-07 02:31:07.677439 7fdc4f8cf700  0 mds.2.cache creating system inode with ino:61a
2017-06-07 02:31:07.677533 7fdc4f8cf700  0 mds.2.cache creating system inode with ino:61b
2017-06-07 02:31:07.677623 7fdc4f8cf700  0 mds.2.cache creating system inode with ino:61c
2017-06-07 02:31:07.677730 7fdc4f8cf700  0 mds.2.cache creating system inode with ino:61d
2017-06-07 02:46:11.885071 7fdc51850700  0 -- 192.168.140.243:6800/1482977908 >> 192.168.140.230:6800/2947107623 conn(0x7fdc60285800 :6800 s=STATE_OPEN pgs=8 cs=1 l=0).fault with nothing to send, going to standby
