2017-06-07 01:00:20  /entrypoint.sh: static: does not generate config
HEALTH_WARN too few PGs per OSD (20 < min 30)
2017-06-07 01:00:21  /entrypoint.sh: static: does not generate the admin key, so we can not get it.
2017-06-07 01:00:21  /entrypoint.sh: static: make it available with the help of your configuration management system.
2017-06-07 01:00:21  /entrypoint.sh: static: ceph-ansible is a good candidate to deploy a containerized version of Ceph.
2017-06-07 01:00:21  /entrypoint.sh: static: ceph-ansible will help you fetching the keys and push them on the right nodes.
2017-06-07 01:00:21  /entrypoint.sh: static: if you're interested, please visit: https://github.com/ceph/ceph-ansible
2017-06-07 01:00:22  /entrypoint.sh: SUCCESS
2017-06-07 01:00:22.193767 7fced62cd300  0 set uid:gid to 64045:64045 (ceph:ceph)
2017-06-07 01:00:22.193808 7fced62cd300  0 ceph version 9.0.0-18993-gf916801 (f91680128ef51a85d28019c9afd29109bd178b1c), process ceph-mds, pid 109
starting mds.issdm-15 at -
2017-06-07 01:00:22.195881 7fced62cd300  0 pidfile_write: ignore empty --pid-file
2017-06-07 01:01:43.426985 7fcececca700  0 mds.2.cache creating system inode with ino:102
2017-06-07 01:01:43.427120 7fcececca700  0 mds.2.cache creating system inode with ino:614
2017-06-07 01:01:43.427356 7fcececca700  0 mds.2.cache creating system inode with ino:615
2017-06-07 01:01:43.427612 7fcececca700  0 mds.2.cache creating system inode with ino:616
2017-06-07 01:01:43.427727 7fcececca700  0 mds.2.cache creating system inode with ino:617
2017-06-07 01:01:43.427840 7fcececca700  0 mds.2.cache creating system inode with ino:618
2017-06-07 01:01:43.427948 7fcececca700  0 mds.2.cache creating system inode with ino:619
2017-06-07 01:01:43.428068 7fcececca700  0 mds.2.cache creating system inode with ino:61a
2017-06-07 01:01:43.428159 7fcececca700  0 mds.2.cache creating system inode with ino:61b
2017-06-07 01:01:43.428251 7fcececca700  0 mds.2.cache creating system inode with ino:61c
2017-06-07 01:01:43.428359 7fcececca700  0 mds.2.cache creating system inode with ino:61d
2017-06-07 01:01:48.107879 7fced144c700  0 -- 192.168.140.243:6800/555539057 >> 192.168.140.189:6800/1657235712 conn(0x7fcee038c000 :6800 s=STATE_ACCEPTING_WAIT_CONNECT_MSG_AUTH pgs=0 cs=0 l=0).handle_connect_msg accept connect_seq 0 vs existing csq=0 existing_state=STATE_CONNECTING_WAIT_CONNECT_REPLY
