2017-06-07 02:00:08  /entrypoint.sh: static: does not generate config
HEALTH_WARN too few PGs per OSD (20 < min 30)
2017-06-07 02:00:09  /entrypoint.sh: static: does not generate the admin key, so we can not get it.
2017-06-07 02:00:09  /entrypoint.sh: static: make it available with the help of your configuration management system.
2017-06-07 02:00:09  /entrypoint.sh: static: ceph-ansible is a good candidate to deploy a containerized version of Ceph.
2017-06-07 02:00:09  /entrypoint.sh: static: ceph-ansible will help you fetching the keys and push them on the right nodes.
2017-06-07 02:00:09  /entrypoint.sh: static: if you're interested, please visit: https://github.com/ceph/ceph-ansible
2017-06-07 02:00:09  /entrypoint.sh: SUCCESS
2017-06-07 02:00:09.997274 7f51c3081300  0 set uid:gid to 64045:64045 (ceph:ceph)
2017-06-07 02:00:09.997313 7f51c3081300  0 ceph version 9.0.0-18993-gf916801 (f91680128ef51a85d28019c9afd29109bd178b1c), process ceph-mds, pid 109
starting mds.issdm-18 at -
2017-06-07 02:00:10.006893 7f51c3081300  0 pidfile_write: ignore empty --pid-file
2017-06-07 02:00:58.507964 7f51bba7e700  0 mds.1.cache creating system inode with ino:101
2017-06-07 02:00:58.508094 7f51bba7e700  0 mds.1.cache creating system inode with ino:60a
2017-06-07 02:00:58.508322 7f51bba7e700  0 mds.1.cache creating system inode with ino:60b
2017-06-07 02:00:58.508415 7f51bba7e700  0 mds.1.cache creating system inode with ino:60c
2017-06-07 02:00:58.508700 7f51bba7e700  0 mds.1.cache creating system inode with ino:60d
2017-06-07 02:00:58.508791 7f51bba7e700  0 mds.1.cache creating system inode with ino:60e
2017-06-07 02:00:58.508905 7f51bba7e700  0 mds.1.cache creating system inode with ino:60f
2017-06-07 02:00:58.509012 7f51bba7e700  0 mds.1.cache creating system inode with ino:610
2017-06-07 02:00:58.509106 7f51bba7e700  0 mds.1.cache creating system inode with ino:611
2017-06-07 02:00:58.509211 7f51bba7e700  0 mds.1.cache creating system inode with ino:612
2017-06-07 02:00:58.509316 7f51bba7e700  0 mds.1.cache creating system inode with ino:613
2017-06-07 02:00:59.794633 7f51bea01700  0 -- 192.168.140.230:6800/3225070871 >> 192.168.140.189:6800/4043496532 conn(0x7f51cca8a000 :6800 s=STATE_ACCEPTING_WAIT_CONNECT_MSG_AUTH pgs=0 cs=0 l=0).handle_connect_msg accept connect_seq 0 vs existing csq=0 existing_state=STATE_CONNECTING_WAIT_CONNECT_REPLY
2017-06-07 02:00:59.795028 7f51bea01700  0 -- 192.168.140.230:6800/3225070871 >> 192.168.140.189:6800/4043496532 conn(0x7f51cca8a000 :6800 s=STATE_ACCEPTING_WAIT_CONNECT_MSG pgs=0 cs=0 l=0).fault with nothing to send and in the half  accept state just closed
