2017-06-07 01:59:29  /entrypoint.sh: static: does not generate config
HEALTH_WARN too few PGs per OSD (20 < min 30)
2017-06-07 01:59:30  /entrypoint.sh: static: does not generate the admin key, so we can not get it.
2017-06-07 01:59:30  /entrypoint.sh: static: make it available with the help of your configuration management system.
2017-06-07 01:59:30  /entrypoint.sh: static: ceph-ansible is a good candidate to deploy a containerized version of Ceph.
2017-06-07 01:59:30  /entrypoint.sh: static: ceph-ansible will help you fetching the keys and push them on the right nodes.
2017-06-07 01:59:30  /entrypoint.sh: static: if you're interested, please visit: https://github.com/ceph/ceph-ansible
2017-06-07 01:59:31  /entrypoint.sh: SUCCESS
2017-06-07 01:59:31.184930 7ff27716b300  0 set uid:gid to 64045:64045 (ceph:ceph)
2017-06-07 01:59:31.184971 7ff27716b300  0 ceph version 9.0.0-18993-gf916801 (f91680128ef51a85d28019c9afd29109bd178b1c), process ceph-mds, pid 108
starting mds.issdm-15 at -
2017-06-07 01:59:31.186945 7ff27716b300  0 pidfile_write: ignore empty --pid-file
2017-06-07 02:00:58.508435 7ff26fb68700  0 mds.2.cache creating system inode with ino:102
2017-06-07 02:00:58.508566 7ff26fb68700  0 mds.2.cache creating system inode with ino:614
2017-06-07 02:00:58.508957 7ff26fb68700  0 mds.2.cache creating system inode with ino:615
2017-06-07 02:00:58.509228 7ff26fb68700  0 mds.2.cache creating system inode with ino:616
2017-06-07 02:00:58.509376 7ff26fb68700  0 mds.2.cache creating system inode with ino:617
2017-06-07 02:00:58.509469 7ff26fb68700  0 mds.2.cache creating system inode with ino:618
2017-06-07 02:00:58.509579 7ff26fb68700  0 mds.2.cache creating system inode with ino:619
2017-06-07 02:00:58.509706 7ff26fb68700  0 mds.2.cache creating system inode with ino:61a
2017-06-07 02:00:58.509805 7ff26fb68700  0 mds.2.cache creating system inode with ino:61b
2017-06-07 02:00:58.509905 7ff26fb68700  0 mds.2.cache creating system inode with ino:61c
2017-06-07 02:00:58.510020 7ff26fb68700  0 mds.2.cache creating system inode with ino:61d
2017-06-07 02:01:03.397138 7ff2722ea700  0 -- 192.168.140.243:6800/1999540190 >> 192.168.140.189:6800/4043496532 conn(0x7ff280e12000 :6800 s=STATE_ACCEPTING_WAIT_CONNECT_MSG_AUTH pgs=0 cs=0 l=0).handle_connect_msg accept connect_seq 0 vs existing csq=0 existing_state=STATE_CONNECTING_WAIT_CONNECT_REPLY
