2017-06-07 00:28:50  /entrypoint.sh: static: does not generate config
HEALTH_WARN too few PGs per OSD (16 < min 30)
2017-06-07 00:28:51  /entrypoint.sh: static: does not generate the admin key, so we can not get it.
2017-06-07 00:28:51  /entrypoint.sh: static: make it available with the help of your configuration management system.
2017-06-07 00:28:51  /entrypoint.sh: static: ceph-ansible is a good candidate to deploy a containerized version of Ceph.
2017-06-07 00:28:51  /entrypoint.sh: static: ceph-ansible will help you fetching the keys and push them on the right nodes.
2017-06-07 00:28:51  /entrypoint.sh: static: if you're interested, please visit: https://github.com/ceph/ceph-ansible
pool 'cephfs_data' created
pool 'cephfs_metadata' created
new fs with metadata pool 2 and data pool 1
2017-06-07 00:28:55  /entrypoint.sh: SUCCESS
2017-06-07 00:28:55.168766 7f83cfdcb300  0 set uid:gid to 64045:64045 (ceph:ceph)
2017-06-07 00:28:55.168806 7f83cfdcb300  0 ceph version 9.0.0-18993-gf916801 (f91680128ef51a85d28019c9afd29109bd178b1c), process ceph-mds, pid 219
starting mds.issdm-12 at -
2017-06-07 00:28:55.170702 7f83cfdcb300  0 pidfile_write: ignore empty --pid-file
2017-06-07 00:28:59.709718 7f83c87c8700  0 mds.0.cache creating system inode with ino:1
2017-06-07 00:28:59.710063 7f83c87c8700  0 mds.0.cache creating system inode with ino:100
2017-06-07 00:28:59.710087 7f83c87c8700  0 mds.0.cache creating system inode with ino:600
2017-06-07 00:28:59.710290 7f83c87c8700  0 mds.0.cache creating system inode with ino:601
2017-06-07 00:28:59.710577 7f83c87c8700  0 mds.0.cache creating system inode with ino:602
2017-06-07 00:28:59.710731 7f83c87c8700  0 mds.0.cache creating system inode with ino:603
2017-06-07 00:28:59.710846 7f83c87c8700  0 mds.0.cache creating system inode with ino:604
2017-06-07 00:28:59.711032 7f83c87c8700  0 mds.0.cache creating system inode with ino:605
2017-06-07 00:28:59.711287 7f83c87c8700  0 mds.0.cache creating system inode with ino:606
2017-06-07 00:28:59.711413 7f83c87c8700  0 mds.0.cache creating system inode with ino:607
2017-06-07 00:28:59.711527 7f83c87c8700  0 mds.0.cache creating system inode with ino:608
2017-06-07 00:28:59.711682 7f83c87c8700  0 mds.0.cache creating system inode with ino:609
2017-06-07 00:31:10.067388 7f83caf4a700  0 -- 192.168.140.189:6800/2680756620 >> 192.168.140.243:6800/1851212574 conn(0x7f83d95d9000 :6800 s=STATE_ACCEPTING_WAIT_CONNECT_MSG_AUTH pgs=0 cs=0 l=0).handle_connect_msg accept connect_seq 0 vs existing csq=0 existing_state=STATE_CONNECTING_WAIT_CONNECT_REPLY
