2017-06-06 23:59:18  /entrypoint.sh: static: does not generate config
HEALTH_WARN too few PGs per OSD (20 < min 30)
2017-06-06 23:59:19  /entrypoint.sh: static: does not generate the admin key, so we can not get it.
2017-06-06 23:59:19  /entrypoint.sh: static: make it available with the help of your configuration management system.
2017-06-06 23:59:19  /entrypoint.sh: static: ceph-ansible is a good candidate to deploy a containerized version of Ceph.
2017-06-06 23:59:19  /entrypoint.sh: static: ceph-ansible will help you fetching the keys and push them on the right nodes.
2017-06-06 23:59:19  /entrypoint.sh: static: if you're interested, please visit: https://github.com/ceph/ceph-ansible
2017-06-06 23:59:19  /entrypoint.sh: SUCCESS
2017-06-06 23:59:19.686616 7fa08009b300  0 set uid:gid to 64045:64045 (ceph:ceph)
2017-06-06 23:59:19.686656 7fa08009b300  0 ceph version 9.0.0-18993-gf916801 (f91680128ef51a85d28019c9afd29109bd178b1c), process ceph-mds, pid 113
starting mds.issdm-18 at -
2017-06-06 23:59:19.690888 7fa08009b300  0 pidfile_write: ignore empty --pid-file
2017-06-07 00:00:08.141652 7fa078a98700  0 mds.1.cache creating system inode with ino:101
2017-06-07 00:00:08.141788 7fa078a98700  0 mds.1.cache creating system inode with ino:60a
2017-06-07 00:00:08.142033 7fa078a98700  0 mds.1.cache creating system inode with ino:60b
2017-06-07 00:00:08.142133 7fa078a98700  0 mds.1.cache creating system inode with ino:60c
2017-06-07 00:00:08.142433 7fa078a98700  0 mds.1.cache creating system inode with ino:60d
2017-06-07 00:00:08.142580 7fa078a98700  0 mds.1.cache creating system inode with ino:60e
2017-06-07 00:00:08.142693 7fa078a98700  0 mds.1.cache creating system inode with ino:60f
2017-06-07 00:00:08.142804 7fa078a98700  0 mds.1.cache creating system inode with ino:610
2017-06-07 00:00:08.142897 7fa078a98700  0 mds.1.cache creating system inode with ino:611
2017-06-07 00:00:08.143007 7fa078a98700  0 mds.1.cache creating system inode with ino:612
2017-06-07 00:00:08.143112 7fa078a98700  0 mds.1.cache creating system inode with ino:613
2017-06-07 00:00:09.421847 7fa07b21a700  0 -- 192.168.140.230:6800/2519217373 >> 192.168.140.189:6800/4085991215 conn(0x7fa08a0f8000 :6800 s=STATE_ACCEPTING_WAIT_CONNECT_MSG_AUTH pgs=0 cs=0 l=0).handle_connect_msg accept connect_seq 0 vs existing csq=0 existing_state=STATE_CONNECTING_WAIT_CONNECT_REPLY
