2017-05-31 11:08:11  /entrypoint.sh: static: does not generate config
HEALTH_WARN too few PGs per OSD (10 < min 30)
2017-05-31 11:08:12  /entrypoint.sh: static: does not generate admin key
pool 'cephfs_data' created
pool 'cephfs_metadata' created
new fs with metadata pool 2 and data pool 1
2017-05-31 11:08:16  /entrypoint.sh: SUCCESS
2017-05-31 11:08:17.000602 7f64ca690300  0 set uid:gid to 64045:64045 (ceph:ceph)
2017-05-31 11:08:17.000643 7f64ca690300  0 ceph version 9.0.0-18996-gf4d39ca (f4d39ca86e29555a45a4cff3f03862081bcc1f84), process ceph-mds, pid 198
starting mds.issdm-12 at -
2017-05-31 11:08:17.002630 7f64ca690300  0 pidfile_write: ignore empty --pid-file
2017-05-31 11:08:21.505837 7f64c3094700  0 mds.0.cache creating system inode with ino:1
2017-05-31 11:08:21.506110 7f64c3094700  0 mds.0.cache creating system inode with ino:100
2017-05-31 11:08:21.506130 7f64c3094700  0 mds.0.cache creating system inode with ino:600
2017-05-31 11:08:21.506341 7f64c3094700  0 mds.0.cache creating system inode with ino:601
2017-05-31 11:08:21.506438 7f64c3094700  0 mds.0.cache creating system inode with ino:602
2017-05-31 11:08:21.506735 7f64c3094700  0 mds.0.cache creating system inode with ino:603
2017-05-31 11:08:21.506849 7f64c3094700  0 mds.0.cache creating system inode with ino:604
2017-05-31 11:08:21.506975 7f64c3094700  0 mds.0.cache creating system inode with ino:605
2017-05-31 11:08:21.507071 7f64c3094700  0 mds.0.cache creating system inode with ino:606
2017-05-31 11:08:21.507163 7f64c3094700  0 mds.0.cache creating system inode with ino:607
2017-05-31 11:08:21.507254 7f64c3094700  0 mds.0.cache creating system inode with ino:608
2017-05-31 11:08:21.507378 7f64c3094700  0 mds.0.cache creating system inode with ino:609
2017-05-31 11:19:47.024709 7f64c088f700 -1 log_channel(cluster) log [ERR] : unmatched rstat on 1, inode has n(v1), dirfrags have n(v0 1=0+1)
