2017-05-30 20:42:50  /entrypoint.sh: static: does not generate config
HEALTH_WARN too few PGs per OSD (13 < min 30)
2017-05-30 20:42:51  /entrypoint.sh: static: does not generate the admin key, so we can not get it.
2017-05-30 20:42:51  /entrypoint.sh: static: make it available with the help of your configuration management system.
2017-05-30 20:42:51  /entrypoint.sh: static: ceph-ansible is a good candidate to deploy a containerized version of Ceph.
2017-05-30 20:42:51  /entrypoint.sh: static: ceph-ansible will help you fetching the keys and push them on the right nodes.
2017-05-30 20:42:51  /entrypoint.sh: static: if you're interested, please visit: https://github.com/ceph/ceph-ansible
2017-05-30 20:42:51  /entrypoint.sh: SUCCESS
2017-05-30 20:42:51.820802 7fd91562c300  0 set uid:gid to 64045:64045 (ceph:ceph)
2017-05-30 20:42:51.820839 7fd91562c300  0 ceph version 9.0.0-18992-ge1471d7 (e1471d7b776bf000f8620c24a5c1f29706301fb8), process ceph-mds, pid 111
starting mds.issdm-15 at -
2017-05-30 20:42:51.822911 7fd91562c300  0 pidfile_write: ignore empty --pid-file
2017-05-30 20:44:29.792431 7fd90e02c700  0 mds.2.cache creating system inode with ino:102
2017-05-30 20:44:29.804742 7fd90e02c700  0 mds.2.cache creating system inode with ino:614
2017-05-30 20:44:29.812215 7fd90e02c700  0 mds.2.cache creating system inode with ino:615
2017-05-30 20:44:29.817050 7fd90e02c700  0 mds.2.cache creating system inode with ino:616
2017-05-30 20:44:29.817183 7fd90e02c700  0 mds.2.cache creating system inode with ino:617
2017-05-30 20:44:29.817345 7fd90e02c700  0 mds.2.cache creating system inode with ino:618
2017-05-30 20:44:29.817547 7fd90e02c700  0 mds.2.cache creating system inode with ino:619
2017-05-30 20:44:29.817735 7fd90e02c700  0 mds.2.cache creating system inode with ino:61a
2017-05-30 20:44:29.817895 7fd90e02c700  0 mds.2.cache creating system inode with ino:61b
2017-05-30 20:44:29.818059 7fd90e02c700  0 mds.2.cache creating system inode with ino:61c
2017-05-30 20:44:29.818207 7fd90e02c700  0 mds.2.cache creating system inode with ino:61d
